<?xml version="1.0" encoding="UTF-8"?>
<testng-results ignored="0" total="6" passed="6" failed="0" skipped="0">
  <reporter-output>
  </reporter-output>
  <suite started-at="2025-04-26T14:00:19 IST" name="Suite" finished-at="2025-04-26T14:00:56 IST" duration-ms="37681">
    <groups>
    </groups>
    <test started-at="2025-04-26T14:00:19 IST" name="Test" finished-at="2025-04-26T14:00:47 IST" duration-ms="28671">
      <class name="parallelTesting_26April.Search">
        <test-method is-config="true" signature="launch(java.lang.String)[pri:0, instance:parallelTesting_26April.Search@c03cf28]" started-at="2025-04-26T14:00:28 IST" name="launch" finished-at="2025-04-26T14:00:32 IST" duration-ms="3603" status="PASS">
          <params>
            <param index="0">
              <value>
                <![CDATA[chrome]]>
              </value>
            </param>
          </params>
          <reporter-output>
          </reporter-output>
        </test-method> <!-- launch -->
        <test-method signature="launch()[pri:0, instance:parallelTesting_26April.Search@c03cf28]" started-at="2025-04-26T14:00:32 IST" name="launch" finished-at="2025-04-26T14:00:47 IST" duration-ms="15826" status="PASS">
          <reporter-output>
          </reporter-output>
        </test-method> <!-- launch -->
        <test-method is-config="true" signature="quit()[pri:0, instance:parallelTesting_26April.Search@c03cf28]" started-at="2025-04-26T14:00:47 IST" name="quit" finished-at="2025-04-26T14:00:47 IST" duration-ms="0" status="PASS">
          <reporter-output>
          </reporter-output>
        </test-method> <!-- quit -->
      </class> <!-- parallelTesting_26April.Search -->
      <class name="parallelTesting_26April.LaunchWebsite">
        <test-method is-config="true" signature="launch(java.lang.String)[pri:0, instance:parallelTesting_26April.LaunchWebsite@68267da0]" started-at="2025-04-26T14:00:19 IST" name="launch" finished-at="2025-04-26T14:00:23 IST" duration-ms="4370" status="PASS">
          <params>
            <param index="0">
              <value>
                <![CDATA[chrome]]>
              </value>
            </param>
          </params>
          <reporter-output>
          </reporter-output>
        </test-method> <!-- launch -->
        <test-method signature="launch()[pri:0, instance:parallelTesting_26April.LaunchWebsite@68267da0]" started-at="2025-04-26T14:00:23 IST" name="launch" finished-at="2025-04-26T14:00:26 IST" duration-ms="2804" status="PASS">
          <reporter-output>
          </reporter-output>
        </test-method> <!-- launch -->
        <test-method is-config="true" signature="quit()[pri:0, instance:parallelTesting_26April.LaunchWebsite@68267da0]" started-at="2025-04-26T14:00:26 IST" name="quit" finished-at="2025-04-26T14:00:28 IST" duration-ms="1974" status="PASS">
          <reporter-output>
          </reporter-output>
        </test-method> <!-- quit -->
      </class> <!-- parallelTesting_26April.LaunchWebsite -->
    </test> <!-- Test -->
    <test started-at="2025-04-26T14:00:19 IST" name="Test3" finished-at="2025-04-26T14:00:48 IST" duration-ms="28886">
      <class name="parallelTesting_26April.Search">
        <test-method is-config="true" signature="launch(java.lang.String)[pri:0, instance:parallelTesting_26April.Search@3a6bb9bf]" started-at="2025-04-26T14:00:28 IST" name="launch" finished-at="2025-04-26T14:00:32 IST" duration-ms="4399" status="PASS">
          <params>
            <param index="0">
              <value>
                <![CDATA[edge]]>
              </value>
            </param>
          </params>
          <reporter-output>
          </reporter-output>
        </test-method> <!-- launch -->
        <test-method signature="launch()[pri:0, instance:parallelTesting_26April.Search@3a6bb9bf]" started-at="2025-04-26T14:00:32 IST" name="launch" finished-at="2025-04-26T14:00:48 IST" duration-ms="15162" status="PASS">
          <reporter-output>
          </reporter-output>
        </test-method> <!-- launch -->
        <test-method is-config="true" signature="quit()[pri:0, instance:parallelTesting_26April.Search@3a6bb9bf]" started-at="2025-04-26T14:00:48 IST" name="quit" finished-at="2025-04-26T14:00:48 IST" duration-ms="1" status="PASS">
          <reporter-output>
          </reporter-output>
        </test-method> <!-- quit -->
      </class> <!-- parallelTesting_26April.Search -->
      <class name="parallelTesting_26April.LaunchWebsite">
        <test-method is-config="true" signature="launch(java.lang.String)[pri:0, instance:parallelTesting_26April.LaunchWebsite@10959ece]" started-at="2025-04-26T14:00:19 IST" name="launch" finished-at="2025-04-26T14:00:23 IST" duration-ms="4367" status="PASS">
          <params>
            <param index="0">
              <value>
                <![CDATA[edge]]>
              </value>
            </param>
          </params>
          <reporter-output>
          </reporter-output>
        </test-method> <!-- launch -->
        <test-method signature="launch()[pri:0, instance:parallelTesting_26April.LaunchWebsite@10959ece]" started-at="2025-04-26T14:00:23 IST" name="launch" finished-at="2025-04-26T14:00:24 IST" duration-ms="500" status="PASS">
          <reporter-output>
          </reporter-output>
        </test-method> <!-- launch -->
        <test-method is-config="true" signature="quit()[pri:0, instance:parallelTesting_26April.LaunchWebsite@10959ece]" started-at="2025-04-26T14:00:24 IST" name="quit" finished-at="2025-04-26T14:00:28 IST" duration-ms="4145" status="PASS">
          <reporter-output>
          </reporter-output>
        </test-method> <!-- quit -->
      </class> <!-- parallelTesting_26April.LaunchWebsite -->
    </test> <!-- Test3 -->
    <test started-at="2025-04-26T14:00:19 IST" name="Test2" finished-at="2025-04-26T14:00:56 IST" duration-ms="37681">
      <class name="parallelTesting_26April.Search">
        <test-method is-config="true" signature="launch(java.lang.String)[pri:0, instance:parallelTesting_26April.Search@6b8ca3c8]" started-at="2025-04-26T14:00:48 IST" name="launch" finished-at="2025-04-26T14:00:52 IST" duration-ms="3735" status="PASS">
          <params>
            <param index="0">
              <value>
                <![CDATA[firefox]]>
              </value>
            </param>
          </params>
          <reporter-output>
          </reporter-output>
        </test-method> <!-- launch -->
        <test-method signature="launch()[pri:0, instance:parallelTesting_26April.Search@6b8ca3c8]" started-at="2025-04-26T14:00:52 IST" name="launch" finished-at="2025-04-26T14:00:56 IST" duration-ms="4670" status="PASS">
          <reporter-output>
          </reporter-output>
        </test-method> <!-- launch -->
        <test-method is-config="true" signature="quit()[pri:0, instance:parallelTesting_26April.Search@6b8ca3c8]" started-at="2025-04-26T14:00:56 IST" name="quit" finished-at="2025-04-26T14:00:56 IST" duration-ms="0" status="PASS">
          <reporter-output>
          </reporter-output>
        </test-method> <!-- quit -->
      </class> <!-- parallelTesting_26April.Search -->
      <class name="parallelTesting_26April.LaunchWebsite">
        <test-method is-config="true" signature="launch(java.lang.String)[pri:0, instance:parallelTesting_26April.LaunchWebsite@49dc7102]" started-at="2025-04-26T14:00:19 IST" name="launch" finished-at="2025-04-26T14:00:30 IST" duration-ms="11661" status="PASS">
          <params>
            <param index="0">
              <value>
                <![CDATA[firefox]]>
              </value>
            </param>
          </params>
          <reporter-output>
          </reporter-output>
        </test-method> <!-- launch -->
        <test-method signature="launch()[pri:0, instance:parallelTesting_26April.LaunchWebsite@49dc7102]" started-at="2025-04-26T14:00:31 IST" name="launch" finished-at="2025-04-26T14:00:46 IST" duration-ms="15107" status="PASS">
          <reporter-output>
          </reporter-output>
        </test-method> <!-- launch -->
        <test-method is-config="true" signature="quit()[pri:0, instance:parallelTesting_26April.LaunchWebsite@49dc7102]" started-at="2025-04-26T14:00:46 IST" name="quit" finished-at="2025-04-26T14:00:48 IST" duration-ms="2398" status="PASS">
          <reporter-output>
          </reporter-output>
        </test-method> <!-- quit -->
      </class> <!-- parallelTesting_26April.LaunchWebsite -->
    </test> <!-- Test2 -->
  </suite> <!-- Suite -->
</testng-results>
